<?xml version="1.0" encoding="UTF-8"?>
<testng-results skipped="6" failed="0" total="6" passed="0">
  <reporter-output>
  </reporter-output>
  <suite name="Command line suite" duration-ms="30898" started-at="2016-08-23T14:37:10Z" finished-at="2016-08-23T14:37:41Z">
    <groups>
      <group name="chatTab">
        <method signature="ProjectToeAndroidTest.goToChatTab()[pri:0, instance:com.microdoers.projecttoemaven.projecttoeAppiumMaven.ProjectToeAndroidTest@13a57a3b]" name="goToChatTab" class="com.microdoers.projecttoemaven.projecttoeAppiumMaven.ProjectToeAndroidTest"/>
        <method signature="ProjectToeAndroidTest.loadMessages()[pri:0, instance:com.microdoers.projecttoemaven.projecttoeAppiumMaven.ProjectToeAndroidTest@13a57a3b]" name="loadMessages" class="com.microdoers.projecttoemaven.projecttoeAppiumMaven.ProjectToeAndroidTest"/>
        <method signature="ProjectToeAndroidTest.startGroupChat()[pri:0, instance:com.microdoers.projecttoemaven.projecttoeAppiumMaven.ProjectToeAndroidTest@13a57a3b]" name="startGroupChat" class="com.microdoers.projecttoemaven.projecttoeAppiumMaven.ProjectToeAndroidTest"/>
        <method signature="ProjectToeAndroidTest.startPrivateChat()[pri:0, instance:com.microdoers.projecttoemaven.projecttoeAppiumMaven.ProjectToeAndroidTest@13a57a3b]" name="startPrivateChat" class="com.microdoers.projecttoemaven.projecttoeAppiumMaven.ProjectToeAndroidTest"/>
      </group> <!-- chatTab -->
      <group name="main">
        <method signature="ProjectToeAndroidTest.logIn()[pri:0, instance:com.microdoers.projecttoemaven.projecttoeAppiumMaven.ProjectToeAndroidTest@13a57a3b]" name="logIn" class="com.microdoers.projecttoemaven.projecttoeAppiumMaven.ProjectToeAndroidTest"/>
        <method signature="ProjectToeAndroidTest.signIn()[pri:0, instance:com.microdoers.projecttoemaven.projecttoeAppiumMaven.ProjectToeAndroidTest@13a57a3b]" name="signIn" class="com.microdoers.projecttoemaven.projecttoeAppiumMaven.ProjectToeAndroidTest"/>
      </group> <!-- main -->
    </groups>
    <test name="Command line test" duration-ms="30898" started-at="2016-08-23T14:37:10Z" finished-at="2016-08-23T14:37:41Z">
      <class name="com.microdoers.projecttoemaven.projecttoeAppiumMaven.ProjectToeAndroidTest">
        <test-method status="FAIL" signature="setUp()[pri:0, instance:com.microdoers.projecttoemaven.projecttoeAppiumMaven.ProjectToeAndroidTest@13a57a3b]" name="setUp" is-config="true" duration-ms="0" started-at="2016-08-23T17:37:10Z" finished-at="2016-08-23T17:37:10Z">
          <exception class="org.openqa.selenium.SessionNotCreatedException">
            <message>
              <![CDATA[A new session could not be created. (Original error: Could not find a connected Android device.) (WARNING: The server did not provide any stacktrace information)
Command duration or timeout: 30.06 seconds
Build info: version: '2.53.0', revision: '35ae25b1534ae328c771e0856c93e187490ca824', time: '2016-03-15 10:43:46'
System info: host: 'Noha-PC', ip: '192.168.1.4', os.name: 'Windows 7', os.arch: 'amd64', os.version: '6.1', java.version: '1.8.0_20'
Driver info: io.appium.java_client.android.AndroidDriver]]>
            </message>
            <full-stacktrace>
              <![CDATA[org.openqa.selenium.SessionNotCreatedException: A new session could not be created. (Original error: Could not find a connected Android device.) (WARNING: The server did not provide any stacktrace information)
Command duration or timeout: 30.06 seconds
Build info: version: '2.53.0', revision: '35ae25b1534ae328c771e0856c93e187490ca824', time: '2016-03-15 10:43:46'
System info: host: 'Noha-PC', ip: '192.168.1.4', os.name: 'Windows 7', os.arch: 'amd64', os.version: '6.1', java.version: '1.8.0_20'
Driver info: io.appium.java_client.android.AndroidDriver
	at sun.reflect.NativeConstructorAccessorImpl.newInstance0(Native Method)
	at sun.reflect.NativeConstructorAccessorImpl.newInstance(NativeConstructorAccessorImpl.java:62)
	at sun.reflect.DelegatingConstructorAccessorImpl.newInstance(DelegatingConstructorAccessorImpl.java:45)
	at java.lang.reflect.Constructor.newInstance(Constructor.java:408)
	at org.openqa.selenium.remote.ErrorHandler.createThrowable(ErrorHandler.java:206)
	at org.openqa.selenium.remote.ErrorHandler.throwIfResponseFailed(ErrorHandler.java:158)
	at org.openqa.selenium.remote.RemoteWebDriver.execute(RemoteWebDriver.java:678)
	at io.appium.java_client.DefaultGenericMobileDriver.execute(DefaultGenericMobileDriver.java:51)
	at io.appium.java_client.AppiumDriver.execute(AppiumDriver.java:1)
	at io.appium.java_client.android.AndroidDriver.execute(AndroidDriver.java:1)
	at org.openqa.selenium.remote.RemoteWebDriver.startSession(RemoteWebDriver.java:249)
	at org.openqa.selenium.remote.RemoteWebDriver.<init>(RemoteWebDriver.java:131)
	at org.openqa.selenium.remote.RemoteWebDriver.<init>(RemoteWebDriver.java:144)
	at io.appium.java_client.DefaultGenericMobileDriver.<init>(DefaultGenericMobileDriver.java:47)
	at io.appium.java_client.AppiumDriver.<init>(AppiumDriver.java:114)
	at io.appium.java_client.AppiumDriver.<init>(AppiumDriver.java:132)
	at io.appium.java_client.android.AndroidDriver.<init>(AndroidDriver.java:97)
	at com.microdoers.projecttoemaven.projecttoeAppiumMaven.ProjectToeAndroidTest.setUp(ProjectToeAndroidTest.java:108)
	at sun.reflect.NativeMethodAccessorImpl.invoke0(Native Method)
	at sun.reflect.NativeMethodAccessorImpl.invoke(NativeMethodAccessorImpl.java:62)
	at sun.reflect.DelegatingMethodAccessorImpl.invoke(DelegatingMethodAccessorImpl.java:43)
	at java.lang.reflect.Method.invoke(Method.java:483)
	at org.testng.internal.MethodInvocationHelper.invokeMethod(MethodInvocationHelper.java:85)
	at org.testng.internal.Invoker.invokeConfigurationMethod(Invoker.java:517)
	at org.testng.internal.Invoker.invokeConfigurations(Invoker.java:213)
	at org.testng.internal.Invoker.invokeConfigurations(Invoker.java:140)
	at org.testng.internal.TestMethodWorker.invokeBeforeClassMethods(TestMethodWorker.java:170)
	at org.testng.internal.TestMethodWorker.run(TestMethodWorker.java:104)
	at org.testng.TestRunner.privateRun(TestRunner.java:771)
	at org.testng.TestRunner.run(TestRunner.java:621)
	at org.testng.SuiteRunner.runTest(SuiteRunner.java:357)
	at org.testng.SuiteRunner.runSequentially(SuiteRunner.java:352)
	at org.testng.SuiteRunner.privateRun(SuiteRunner.java:310)
	at org.testng.SuiteRunner.run(SuiteRunner.java:259)
	at org.testng.SuiteRunnerWorker.runSuite(SuiteRunnerWorker.java:52)
	at org.testng.SuiteRunnerWorker.run(SuiteRunnerWorker.java:86)
	at org.testng.TestNG.runSuitesSequentially(TestNG.java:1199)
	at org.testng.TestNG.runSuitesLocally(TestNG.java:1124)
	at org.testng.TestNG.run(TestNG.java:1032)
	at org.apache.maven.surefire.testng.TestNGExecutor.run(TestNGExecutor.java:61)
	at org.apache.maven.surefire.testng.TestNGDirectoryTestSuite.execute(TestNGDirectoryTestSuite.java:115)
	at org.apache.maven.surefire.testng.TestNGProvider.invoke(TestNGProvider.java:111)
	at sun.reflect.NativeMethodAccessorImpl.invoke0(Native Method)
	at sun.reflect.NativeMethodAccessorImpl.invoke(NativeMethodAccessorImpl.java:62)
	at sun.reflect.DelegatingMethodAccessorImpl.invoke(DelegatingMethodAccessorImpl.java:43)
	at java.lang.reflect.Method.invoke(Method.java:483)
	at org.apache.maven.surefire.booter.ProviderFactory$ClassLoaderProxy.invoke(ProviderFactory.java:103)
	at com.sun.proxy.$Proxy0.invoke(Unknown Source)
	at org.apache.maven.surefire.booter.SurefireStarter.invokeProvider(SurefireStarter.java:145)
	at org.apache.maven.surefire.booter.SurefireStarter.runSuitesInProcess(SurefireStarter.java:87)
	at org.apache.maven.surefire.booter.ForkedBooter.main(ForkedBooter.java:69)
]]>
            </full-stacktrace>
          </exception> <!-- org.openqa.selenium.SessionNotCreatedException -->
          <reporter-output>
          </reporter-output>
        </test-method> <!-- setUp -->
        <test-method status="SKIP" signature="signIn()[pri:0, instance:com.microdoers.projecttoemaven.projecttoeAppiumMaven.ProjectToeAndroidTest@13a57a3b]" name="signIn" duration-ms="1" started-at="2016-08-23T17:37:41Z" finished-at="2016-08-23T17:37:41Z">
          <reporter-output>
          </reporter-output>
        </test-method> <!-- signIn -->
        <test-method status="SKIP" signature="logIn()[pri:0, instance:com.microdoers.projecttoemaven.projecttoeAppiumMaven.ProjectToeAndroidTest@13a57a3b]" name="logIn" duration-ms="0" started-at="2016-08-23T17:37:41Z" finished-at="2016-08-23T17:37:41Z">
          <reporter-output>
          </reporter-output>
        </test-method> <!-- logIn -->
        <test-method status="SKIP" signature="goToChatTab()[pri:0, instance:com.microdoers.projecttoemaven.projecttoeAppiumMaven.ProjectToeAndroidTest@13a57a3b]" name="goToChatTab" duration-ms="0" started-at="2016-08-23T17:37:41Z" finished-at="2016-08-23T17:37:41Z">
          <reporter-output>
          </reporter-output>
        </test-method> <!-- goToChatTab -->
        <test-method status="SKIP" signature="loadMessages()[pri:0, instance:com.microdoers.projecttoemaven.projecttoeAppiumMaven.ProjectToeAndroidTest@13a57a3b]" name="loadMessages" duration-ms="0" started-at="2016-08-23T17:37:41Z" finished-at="2016-08-23T17:37:41Z">
          <reporter-output>
          </reporter-output>
        </test-method> <!-- loadMessages -->
        <test-method status="SKIP" signature="startPrivateChat()[pri:0, instance:com.microdoers.projecttoemaven.projecttoeAppiumMaven.ProjectToeAndroidTest@13a57a3b]" name="startPrivateChat" duration-ms="2" started-at="2016-08-23T17:37:41Z" finished-at="2016-08-23T17:37:41Z">
          <reporter-output>
          </reporter-output>
        </test-method> <!-- startPrivateChat -->
        <test-method status="SKIP" signature="startGroupChat()[pri:0, instance:com.microdoers.projecttoemaven.projecttoeAppiumMaven.ProjectToeAndroidTest@13a57a3b]" name="startGroupChat" duration-ms="0" started-at="2016-08-23T17:37:41Z" finished-at="2016-08-23T17:37:41Z">
          <reporter-output>
          </reporter-output>
        </test-method> <!-- startGroupChat -->
        <test-method status="PASS" signature="afterClass()[pri:0, instance:com.microdoers.projecttoemaven.projecttoeAppiumMaven.ProjectToeAndroidTest@13a57a3b]" name="afterClass" is-config="true" duration-ms="1" started-at="2016-08-23T17:37:41Z" finished-at="2016-08-23T17:37:41Z">
          <reporter-output>
          </reporter-output>
        </test-method> <!-- afterClass -->
      </class> <!-- com.microdoers.projecttoemaven.projecttoeAppiumMaven.ProjectToeAndroidTest -->
    </test> <!-- Command line test -->
  </suite> <!-- Command line suite -->
</testng-results>
