<?xml version="1.0" encoding="UTF-8" ?>
<testsuite tests="9" failures="0" name="TestSuite" time="151.466" errors="0" skipped="0">
  <properties>
[...]
</properties>
  <testcase classname="com.microdoers.projecttoemaven.projecttoeAppiumMaven.ProjectToeAndroidTest" name="signIn" time="2.567"/>
  <testcase classname="com.microdoers.projecttoemaven.projecttoeAppiumMaven.ProjectToeAndroidTest" name="logIn" time="13.973"/>
  <testcase classname="com.microdoers.projecttoemaven.projecttoeAppiumMaven.ProjectToeAndroidTest" name="makePost" time="28.467"/>
  <testcase classname="com.microdoers.projecttoemaven.projecttoeAppiumMaven.ProjectToeAndroidTest" name="hugPost" time="4.977"/>
  <testcase classname="com.microdoers.projecttoemaven.projecttoeAppiumMaven.ProjectToeAndroidTest" name="commentPost" time="12.573"/>
  <testcase classname="com.microdoers.projecttoemaven.projecttoeAppiumMaven.ProjectToeAndroidTest" name="goToChatTab" time="5.088"/>
  <testcase classname="com.microdoers.projecttoemaven.projecttoeAppiumMaven.ProjectToeAndroidTest" name="loadMessages" time="0.1"/>
  <testcase classname="com.microdoers.projecttoemaven.projecttoeAppiumMaven.ProjectToeAndroidTest" name="startPrivateChat" time="21.992"/>
  <testcase classname="com.microdoers.projecttoemaven.projecttoeAppiumMaven.ProjectToeAndroidTest" name="startGroupChat" time="20.356"/>
</testsuite>